Arguments: 
  C:\Program Files\nodejs\node.exe C:\Program Files (x86)\Yarn\bin\yarn.js add react-sortable-hoc -s

PATH: 
  C:\Python38\Scripts\;C:\Python38\;C:\WINDOWS\system32;C:\WINDOWS;C:\WINDOWS\System32\Wbem;C:\WINDOWS\System32\WindowsPowerShell\v1.0\;C:\WINDOWS\System32\OpenSSH\;C:\Program Files (x86)\Microsoft SQL Server\100\Tools\Binn\;C:\Program Files\Microsoft SQL Server\100\Tools\Binn\;C:\Program Files\Microsoft SQL Server\100\DTS\Binn\;C:\Program Files (x86)\Microsoft SQL Server\100\Tools\Binn\VSShell\Common7\IDE\;C:\Program Files (x86)\Microsoft SQL Server\100\DTS\Binn\;C:\Program Files (x86)\Microsoft Visual Studio 9.0\Common7\IDE\PrivateAssemblies\;C:\Program Files\dotnet\;C:\Program Files\Microsoft SQL Server\130\Tools\Binn\;C:\ProgramData\chocolatey\bin;C:\Program Files (x86)\Yarn\bin\;D:\git\Git\cmd;D:\Wechatdevtools\微信web开发者工具\dll;C:\Program Files\nodejs\;C:\Program Files\Bandizip\;C:\Users\Administrator\AppData\Local\Microsoft\WindowsApps;C:\Users\Administrator\AppData\Local\Yarn\bin;D:\vscode\Microsoft VS Code\bin;C:\Users\Administrator\AppData\Roaming\npm

Yarn version: 
  1.22.4

Node version: 
  18.16.0

Platform: 
  win32 x64

Trace: 
  Error: connect ETIMEDOUT 104.16.3.35:443
      at TCPConnectWrap.afterConnect [as oncomplete] (node:net:1494:16)

npm manifest: 
  {
    "name": "KellyCOM",
    "version": "0.0.1",
    "description": "基础的组件库",
    "sideEffects": [
      "*.less"
    ],
    "module": "dist/index.js",
    "types": "dist/index.d.ts",
    "scripts": {
      "start": "cross-env PORT=3009 UMI_ENV=doc dumi dev",
      "dev": "dumi dev",
      "build": "father build",
      "build:watch": "father dev",
      "docs:build": "dumi build",
      "prepare": "husky install && dumi setup",
      "doctor": "father doctor",
      "lint": "npm run lint:es && npm run lint:css",
      "lint:css": "stylelint \"{src,test}/**/*.{css,less}\"",
      "lint:es": "eslint \"{src,test}/**/*.{js,jsx,ts,tsx}\"",
      "prepublishOnly": "father doctor && npm run build",
      "test:all": "jest --coverage --bail"
    },
    "authors": [
      "kelly"
    ],
    "license": "MIT",
    "files": [
      "dist"
    ],
    "commitlint": {
      "extends": [
        "@commitlint/config-conventional"
      ]
    },
    "lint-staged": {
      "*.{md,json}": [
        "prettier --write --no-error-on-unmatched-pattern"
      ],
      "*.{css,less}": [
        "stylelint --fix",
        "prettier --write"
      ],
      "*.{js,jsx}": [
        "eslint --fix",
        "prettier --write"
      ],
      "*.{ts,tsx}": [
        "eslint --fix",
        "prettier --parser=typescript --write"
      ]
    },
    "publishConfig": {
      "access": "public"
    },
    "peerDependencies": {
      "react": ">=16.9.0",
      "react-dom": ">=16.9.0"
    },
    "devDependencies": {
      "@babel/cli": "^7.23.0",
      "@babel/core": "^7.23.2",
      "@babel/plugin-syntax-jsx": "^7.22.5",
      "@babel/preset-react": "^7.22.15",
      "@commitlint/cli": "^17.1.2",
      "@commitlint/config-conventional": "^17.1.0",
      "@testing-library/react": "^14.0.0",
      "@types/jest": "^29.5.6",
      "@types/lodash": "^4.14.202",
      "@types/react": "^18.0.0",
      "@types/react-dom": "^18.0.0",
      "@umijs/lint": "^4.0.0",
      "antd": "^5.10.2",
      "babel": "^6.23.0",
      "dumi": "^2.2.13",
      "eslint": "^8.23.0",
      "father": "^4.1.0",
      "husky": "^8.0.1",
      "jest": "^29.7.0",
      "jest-environment-jsdom": "^29.7.0",
      "jest-less-loader": "^0.2.0",
      "jest-transform-stub": "^2.0.0",
      "lint-staged": "^13.0.3",
      "prettier": "^2.7.1",
      "prettier-plugin-organize-imports": "^3.0.0",
      "prettier-plugin-packagejson": "^2.2.18",
      "react": "^18.0.0",
      "react-dom": "^18.0.0",
      "speed-measure-webpack-plugin": "^1.5.0",
      "stylelint": "^14.9.1",
      "ts-jest": "^29.1.1",
      "typescript": "^4.9.5",
      "webpackbar": "^5.0.2"
    },
    "dependencies": {
      "ahooks": "^3.7.8",
      "cross-env": "^7.0.3",
      "lodash": "^4.17.21",
      "use-immer": "^0.9.0"
    }
  }

yarn manifest: 
  No manifest

Lockfile: 
  No lockfile
